{"timestamp":"2025-10-05T12:51:11.540661Z","level":"info","event":"DAG bundles loaded: dags-folder, example_dags","logger":"airflow.dag_processing.bundles.manager.DagBundlesManager","filename":"manager.py","lineno":179}
{"timestamp":"2025-10-05T12:51:11.541049Z","level":"info","event":"Filling up the DagBag from /opt/airflow/dags/my-first-dag.py","logger":"airflow.models.dagbag.DagBag","filename":"dagbag.py","lineno":593}
{"timestamp":"2025-10-05T12:51:11.545038Z","level":"warning","event":"The `airflow.operators.python.PythonOperator` attribute is deprecated. Please use `'airflow.providers.standard.operators.python.PythonOperator'`.","category":"DeprecatedImportWarning","filename":"/opt/airflow/dags/my-first-dag.py","lineno":2,"logger":"py.warnings"}
{"timestamp":"2025-10-05T12:51:11.557526Z","level":"info","event":"Task instance is in running state","logger":"task.stdout"}
{"timestamp":"2025-10-05T12:51:11.557644Z","level":"info","event":" Previous state of the Task instance: TaskInstanceState.QUEUED","logger":"task.stdout"}
{"timestamp":"2025-10-05T12:51:11.557726Z","level":"info","event":"Current task name:check","logger":"task.stdout"}
{"timestamp":"2025-10-05T12:51:11.557766Z","level":"info","event":"Dag name:my_first_python_etl_dag","logger":"task.stdout"}
{"timestamp":"2025-10-05T12:51:11.558798Z","level":"info","event":"Check Phase","logger":"task.stdout"}
{"timestamp":"2025-10-05T12:51:11.558882Z","level":"info","event":"root,0,/root","logger":"task.stdout"}
{"timestamp":"2025-10-05T12:51:11.558920Z","level":"info","event":"","logger":"task.stdout"}
{"timestamp":"2025-10-05T12:51:11.558958Z","level":"info","event":"daemon,1,/usr/sbin","logger":"task.stdout"}
{"timestamp":"2025-10-05T12:51:11.558988Z","level":"info","event":"","logger":"task.stdout"}
{"timestamp":"2025-10-05T12:51:11.559016Z","level":"info","event":"bin,2,/bin","logger":"task.stdout"}
{"timestamp":"2025-10-05T12:51:11.559044Z","level":"info","event":"","logger":"task.stdout"}
{"timestamp":"2025-10-05T12:51:11.559071Z","level":"info","event":"sys,3,/dev","logger":"task.stdout"}
{"timestamp":"2025-10-05T12:51:11.559100Z","level":"info","event":"","logger":"task.stdout"}
{"timestamp":"2025-10-05T12:51:11.559127Z","level":"info","event":"sync,4,/bin","logger":"task.stdout"}
{"timestamp":"2025-10-05T12:51:11.559154Z","level":"info","event":"","logger":"task.stdout"}
{"timestamp":"2025-10-05T12:51:11.559180Z","level":"info","event":"games,5,/usr/games","logger":"task.stdout"}
{"timestamp":"2025-10-05T12:51:11.559206Z","level":"info","event":"","logger":"task.stdout"}
{"timestamp":"2025-10-05T12:51:11.559237Z","level":"info","event":"man,6,/var/cache/man","logger":"task.stdout"}
{"timestamp":"2025-10-05T12:51:11.559265Z","level":"info","event":"","logger":"task.stdout"}
{"timestamp":"2025-10-05T12:51:11.559292Z","level":"info","event":"lp,7,/var/spool/lpd","logger":"task.stdout"}
{"timestamp":"2025-10-05T12:51:11.559318Z","level":"info","event":"","logger":"task.stdout"}
{"timestamp":"2025-10-05T12:51:11.559344Z","level":"info","event":"mail,8,/var/mail","logger":"task.stdout"}
{"timestamp":"2025-10-05T12:51:11.559371Z","level":"info","event":"","logger":"task.stdout"}
{"timestamp":"2025-10-05T12:51:11.559397Z","level":"info","event":"news,9,/var/spool/news","logger":"task.stdout"}
{"timestamp":"2025-10-05T12:51:11.559423Z","level":"info","event":"","logger":"task.stdout"}
{"timestamp":"2025-10-05T12:51:11.559449Z","level":"info","event":"uucp,10,/var/spool/uucp","logger":"task.stdout"}
{"timestamp":"2025-10-05T12:51:11.559475Z","level":"info","event":"","logger":"task.stdout"}
{"timestamp":"2025-10-05T12:51:11.559501Z","level":"info","event":"proxy,13,/bin","logger":"task.stdout"}
{"timestamp":"2025-10-05T12:51:11.559527Z","level":"info","event":"","logger":"task.stdout"}
{"timestamp":"2025-10-05T12:51:11.559552Z","level":"info","event":"www-data,33,/var/www","logger":"task.stdout"}
{"timestamp":"2025-10-05T12:51:11.559578Z","level":"info","event":"","logger":"task.stdout"}
{"timestamp":"2025-10-05T12:51:11.559604Z","level":"info","event":"backup,34,/var/backups","logger":"task.stdout"}
{"timestamp":"2025-10-05T12:51:11.559641Z","level":"info","event":"","logger":"task.stdout"}
{"timestamp":"2025-10-05T12:51:11.559669Z","level":"info","event":"list,38,/var/list","logger":"task.stdout"}
{"timestamp":"2025-10-05T12:51:11.559701Z","level":"info","event":"","logger":"task.stdout"}
{"timestamp":"2025-10-05T12:51:11.559729Z","level":"info","event":"irc,39,/run/ircd","logger":"task.stdout"}
{"timestamp":"2025-10-05T12:51:11.559755Z","level":"info","event":"","logger":"task.stdout"}
{"timestamp":"2025-10-05T12:51:11.559782Z","level":"info","event":"_apt,42,/nonexistent","logger":"task.stdout"}
{"timestamp":"2025-10-05T12:51:11.559808Z","level":"info","event":"","logger":"task.stdout"}
{"timestamp":"2025-10-05T12:51:11.559856Z","level":"info","event":"nobody,65534,/nonexistent","logger":"task.stdout"}
{"timestamp":"2025-10-05T12:51:11.559888Z","level":"info","event":"","logger":"task.stdout"}
{"timestamp":"2025-10-05T12:51:11.559916Z","level":"info","event":"airflow,50000,/home/airflow","logger":"task.stdout"}
{"timestamp":"2025-10-05T12:51:11.559951Z","level":"info","event":"","logger":"task.stdout"}
{"timestamp":"2025-10-05T12:51:11.559997Z","level":"info","event":"default,1000,/home/airflow","logger":"task.stdout"}
{"timestamp":"2025-10-05T12:51:11.560024Z","level":"info","event":"","logger":"task.stdout"}
{"timestamp":"2025-10-05T12:51:11.559322Z","level":"info","event":"Done. Returned value was: None","logger":"airflow.task.operators.airflow.providers.standard.operators.python.PythonOperator","filename":"python.py","lineno":218}
{"timestamp":"2025-10-05T12:51:11.568662Z","level":"info","event":"Task instance in success state","logger":"task.stdout"}
{"timestamp":"2025-10-05T12:51:11.568782Z","level":"info","event":" Previous state of the Task instance: TaskInstanceState.RUNNING","logger":"task.stdout"}
{"timestamp":"2025-10-05T12:51:11.568927Z","level":"info","event":"Task operator:<Task(PythonOperator): check>","logger":"task.stdout"}
