{"timestamp":"2025-10-05T12:05:30.806072Z","level":"info","event":"DAG bundles loaded: dags-folder, example_dags","logger":"airflow.dag_processing.bundles.manager.DagBundlesManager","filename":"manager.py","lineno":179}
{"timestamp":"2025-10-05T12:05:30.806579Z","level":"info","event":"Filling up the DagBag from /opt/airflow/dags/my-first-dag.py","logger":"airflow.models.dagbag.DagBag","filename":"dagbag.py","lineno":593}
{"timestamp":"2025-10-05T12:05:30.812459Z","level":"warning","event":"The `airflow.operators.python.PythonOperator` attribute is deprecated. Please use `'airflow.providers.standard.operators.python.PythonOperator'`.","category":"DeprecatedImportWarning","filename":"/opt/airflow/dags/my-first-dag.py","lineno":2,"logger":"py.warnings"}
{"timestamp":"2025-10-05T12:05:30.828972Z","level":"info","event":"Task instance is in running state","logger":"task.stdout"}
{"timestamp":"2025-10-05T12:05:30.829110Z","level":"info","event":" Previous state of the Task instance: TaskInstanceState.QUEUED","logger":"task.stdout"}
{"timestamp":"2025-10-05T12:05:30.829247Z","level":"info","event":"Current task name:check","logger":"task.stdout"}
{"timestamp":"2025-10-05T12:05:30.829296Z","level":"info","event":"Dag name:my_first_python_etl_dag","logger":"task.stdout"}
{"timestamp":"2025-10-05T12:05:30.830885Z","level":"info","event":"Check Phase","logger":"task.stdout"}
{"timestamp":"2025-10-05T12:05:30.830976Z","level":"info","event":"root,0,/root","logger":"task.stdout"}
{"timestamp":"2025-10-05T12:05:30.831039Z","level":"info","event":"","logger":"task.stdout"}
{"timestamp":"2025-10-05T12:05:30.831084Z","level":"info","event":"daemon,1,/usr/sbin","logger":"task.stdout"}
{"timestamp":"2025-10-05T12:05:30.831124Z","level":"info","event":"","logger":"task.stdout"}
{"timestamp":"2025-10-05T12:05:30.831164Z","level":"info","event":"bin,2,/bin","logger":"task.stdout"}
{"timestamp":"2025-10-05T12:05:30.831201Z","level":"info","event":"","logger":"task.stdout"}
{"timestamp":"2025-10-05T12:05:30.831240Z","level":"info","event":"sys,3,/dev","logger":"task.stdout"}
{"timestamp":"2025-10-05T12:05:30.831278Z","level":"info","event":"","logger":"task.stdout"}
{"timestamp":"2025-10-05T12:05:30.831316Z","level":"info","event":"sync,4,/bin","logger":"task.stdout"}
{"timestamp":"2025-10-05T12:05:30.831354Z","level":"info","event":"","logger":"task.stdout"}
{"timestamp":"2025-10-05T12:05:30.831400Z","level":"info","event":"games,5,/usr/games","logger":"task.stdout"}
{"timestamp":"2025-10-05T12:05:30.831439Z","level":"info","event":"","logger":"task.stdout"}
{"timestamp":"2025-10-05T12:05:30.831477Z","level":"info","event":"man,6,/var/cache/man","logger":"task.stdout"}
{"timestamp":"2025-10-05T12:05:30.831516Z","level":"info","event":"","logger":"task.stdout"}
{"timestamp":"2025-10-05T12:05:30.831555Z","level":"info","event":"lp,7,/var/spool/lpd","logger":"task.stdout"}
{"timestamp":"2025-10-05T12:05:30.831592Z","level":"info","event":"","logger":"task.stdout"}
{"timestamp":"2025-10-05T12:05:30.831631Z","level":"info","event":"mail,8,/var/mail","logger":"task.stdout"}
{"timestamp":"2025-10-05T12:05:30.831668Z","level":"info","event":"","logger":"task.stdout"}
{"timestamp":"2025-10-05T12:05:30.831706Z","level":"info","event":"news,9,/var/spool/news","logger":"task.stdout"}
{"timestamp":"2025-10-05T12:05:30.831745Z","level":"info","event":"","logger":"task.stdout"}
{"timestamp":"2025-10-05T12:05:30.831823Z","level":"info","event":"uucp,10,/var/spool/uucp","logger":"task.stdout"}
{"timestamp":"2025-10-05T12:05:30.831876Z","level":"info","event":"","logger":"task.stdout"}
{"timestamp":"2025-10-05T12:05:30.831913Z","level":"info","event":"proxy,13,/bin","logger":"task.stdout"}
{"timestamp":"2025-10-05T12:05:30.831949Z","level":"info","event":"","logger":"task.stdout"}
{"timestamp":"2025-10-05T12:05:30.831986Z","level":"info","event":"www-data,33,/var/www","logger":"task.stdout"}
{"timestamp":"2025-10-05T12:05:30.832022Z","level":"info","event":"","logger":"task.stdout"}
{"timestamp":"2025-10-05T12:05:30.832057Z","level":"info","event":"backup,34,/var/backups","logger":"task.stdout"}
{"timestamp":"2025-10-05T12:05:30.832101Z","level":"info","event":"","logger":"task.stdout"}
{"timestamp":"2025-10-05T12:05:30.832138Z","level":"info","event":"list,38,/var/list","logger":"task.stdout"}
{"timestamp":"2025-10-05T12:05:30.832173Z","level":"info","event":"","logger":"task.stdout"}
{"timestamp":"2025-10-05T12:05:30.832211Z","level":"info","event":"irc,39,/run/ircd","logger":"task.stdout"}
{"timestamp":"2025-10-05T12:05:30.832247Z","level":"info","event":"","logger":"task.stdout"}
{"timestamp":"2025-10-05T12:05:30.832282Z","level":"info","event":"_apt,42,/nonexistent","logger":"task.stdout"}
{"timestamp":"2025-10-05T12:05:30.832318Z","level":"info","event":"","logger":"task.stdout"}
{"timestamp":"2025-10-05T12:05:30.832353Z","level":"info","event":"nobody,65534,/nonexistent","logger":"task.stdout"}
{"timestamp":"2025-10-05T12:05:30.832398Z","level":"info","event":"","logger":"task.stdout"}
{"timestamp":"2025-10-05T12:05:30.832434Z","level":"info","event":"airflow,50000,/home/airflow","logger":"task.stdout"}
{"timestamp":"2025-10-05T12:05:30.832469Z","level":"info","event":"","logger":"task.stdout"}
{"timestamp":"2025-10-05T12:05:30.832503Z","level":"info","event":"default,1000,/home/airflow","logger":"task.stdout"}
{"timestamp":"2025-10-05T12:05:30.832539Z","level":"info","event":"","logger":"task.stdout"}
{"timestamp":"2025-10-05T12:05:30.831492Z","level":"info","event":"Done. Returned value was: None","logger":"airflow.task.operators.airflow.providers.standard.operators.python.PythonOperator","filename":"python.py","lineno":218}
{"timestamp":"2025-10-05T12:05:30.847918Z","level":"info","event":"Task instance in success state","logger":"task.stdout"}
{"timestamp":"2025-10-05T12:05:30.848134Z","level":"info","event":" Previous state of the Task instance: TaskInstanceState.RUNNING","logger":"task.stdout"}
{"timestamp":"2025-10-05T12:05:30.848419Z","level":"info","event":"Task operator:<Task(PythonOperator): check>","logger":"task.stdout"}
